Build started 12/01/2016 20:24:39.
     1>Project "C:\Users\Tortliena\Desktop\Projets\0_Supinfogame\ArchitectureProjet\TextFighter\TextFighter\TextFighter.vcxproj" on node 2 (Build target(s)).
     1>ClCompile:
         C:\Program Files (x86)\Microsoft Visual Studio 14.0\VC\bin\CL.exe /c /I"C:\librairies\SFML-2.3.2\include" /ZI /nologo /W3 /WX- /sdl /Od /Oy- /D WIN32 /D _DEBUG /D _CONSOLE /D _UNICODE /D UNICODE /Gm /EHsc /RTC1 /MDd /GS /fp:precise /Zc:wchar_t /Zc:forScope /Zc:inline /Yu"stdafx.h" /Fp"Debug\TextFighter.pch" /Fo"Debug\\" /Fd"Debug\vc140.pdb" /Gd /TP /analyze- /errorReport:prompt Attack.cpp Character.cpp CharacterState.cpp CharacterView.cpp Match.cpp TextFighter.cpp TextualCharacterView.cpp
         TextualCharacterView.cpp
         Generating Code...
         Compiling...
         Character.cpp
         Generating Code...
         Skipping... (no relevant changes detected)
         TextFighter.cpp
         Match.cpp
         CharacterState.cpp
         Attack.cpp
         CharacterView.cpp
       Link:
         C:\Program Files (x86)\Microsoft Visual Studio 14.0\VC\bin\link.exe /ERRORREPORT:PROMPT /OUT:"C:\Users\Tortliena\Desktop\Projets\0_Supinfogame\ArchitectureProjet\TextFighter\Debug\TextFighter.exe" /INCREMENTAL /NOLOGO /LIBPATH:"C:\librairies\SFML-2.3.2\lib" "sfml-window-d.lib" kernel32.lib user32.lib gdi32.lib winspool.lib comdlg32.lib advapi32.lib shell32.lib ole32.lib oleaut32.lib uuid.lib odbc32.lib odbccp32.lib /MANIFEST /MANIFESTUAC:"level='asInvoker' uiAccess='false'" /manifest:embed /Debug /PDB:"C:\Users\Tortliena\Desktop\Projets\0_Supinfogame\ArchitectureProjet\TextFighter\Debug\TextFighter.pdb" /SUBSYSTEM:CONSOLE /TLBID:1 /DYNAMICBASE /NXCOMPAT /IMPLIB:"C:\Users\Tortliena\Desktop\Projets\0_Supinfogame\ArchitectureProjet\TextFighter\Debug\TextFighter.lib" /MACHINE:X86 Debug\Attack.obj
         Debug\Character.obj
         Debug\CharacterState.obj
         Debug\CharacterView.obj
         Debug\Idle.obj
         Debug\Jump.obj
         Debug\KeyboardCharacterStateController.obj
         Debug\Match.obj
         Debug\MoveLeft.obj
         Debug\MoveRight.obj
         Debug\Observable.obj
         Debug\stdafx.obj
         Debug\TextFighter.obj
         Debug\TextualCharacterView.obj
         TextFighter.vcxproj -> C:\Users\Tortliena\Desktop\Projets\0_Supinfogame\ArchitectureProjet\TextFighter\Debug\TextFighter.exe
     1>Done Building Project "C:\Users\Tortliena\Desktop\Projets\0_Supinfogame\ArchitectureProjet\TextFighter\TextFighter\TextFighter.vcxproj" (Build target(s)).

Build succeeded.

Time Elapsed 00:00:01.82
